<?xml version="1.0" encoding="UTF-8"?>
<testng-results ignored="0" total="1" passed="1" failed="0" skipped="0">
  <reporter-output>
  </reporter-output>
  <suite started-at="2022-11-19T17:41:40 IST" name="Default suite" finished-at="2022-11-19T17:42:00 IST" duration-ms="19987">
    <groups>
    </groups>
    <test started-at="2022-11-19T17:41:40 IST" name="Default test" finished-at="2022-11-19T17:42:00 IST" duration-ms="19987">
      <class name="com.testCases.testFireHappyPath">
        <test-method is-config="true" signature="readProperty()[pri:0, instance:com.testCases.testFireHappyPath@46cdf8bd]" started-at="2022-11-19T17:41:40 IST" name="readProperty" finished-at="2022-11-19T17:41:40 IST" duration-ms="26" status="PASS">
          <reporter-output>
          </reporter-output>
        </test-method> <!-- readProperty -->
        <test-method is-config="true" signature="setUp()[pri:0, instance:com.testCases.testFireHappyPath@46cdf8bd]" started-at="2022-11-19T17:41:40 IST" name="setUp" finished-at="2022-11-19T17:41:45 IST" duration-ms="5147" status="PASS">
          <reporter-output>
          </reporter-output>
        </test-method> <!-- setUp -->
        <test-method signature="happyPath()[pri:0, instance:com.testCases.testFireHappyPath@46cdf8bd]" started-at="2022-11-19T17:41:45 IST" name="happyPath" finished-at="2022-11-19T17:42:00 IST" duration-ms="14731" status="PASS">
          <reporter-output>
          </reporter-output>
        </test-method> <!-- happyPath -->
      </class> <!-- com.testCases.testFireHappyPath -->
    </test> <!-- Default test -->
  </suite> <!-- Default suite -->
</testng-results>
